Remember that you can report errors and get help in https://github.com/NicoSantangelo/sublime-gulp

02-11-2018 22:59:
C:\Users\Sofia\AppData\Roaming\Sublime Text 3\Packages\Gulp\write_tasks_to_cache.js:31
        throw ex;
        ^

Error: ENOENT: no such file or directory, open 'C:\Users\Sofia\Desktop\tour\config.json'
    at Object.fs.openSync (fs.js:663:18)
    at Object.fs.readFileSync (fs.js:568:33)
    at Object.<anonymous> (C:\Users\Sofia\Desktop\tour\.sublime-gulp-tmp.js:30:25)
    at Module._compile (module.js:660:30)
    at Object.Module._extensions..js (module.js:671:10)
    at Module.load (module.js:573:32)
    at tryModuleLoad (module.js:513:12)
    at Function.Module._load (module.js:505:3)
    at Module.require (module.js:604:17)
    at require (internal/module.js:11:18)


02-11-2018 23:00:
C:\Users\Sofia\AppData\Roaming\Sublime Text 3\Packages\Gulp\write_tasks_to_cache.js:31
        throw ex;
        ^

Error: ENOENT: no such file or directory, open 'C:\Users\Sofia\Desktop\tour\config.json'
    at Object.fs.openSync (fs.js:663:18)
    at Object.fs.readFileSync (fs.js:568:33)
    at Object.<anonymous> (C:\Users\Sofia\Desktop\tour\.sublime-gulp-tmp.js:30:25)
    at Module._compile (module.js:660:30)
    at Object.Module._extensions..js (module.js:671:10)
    at Module.load (module.js:573:32)
    at tryModuleLoad (module.js:513:12)
    at Function.Module._load (module.js:505:3)
    at Module.require (module.js:604:17)
    at require (internal/module.js:11:18)
